  lab2.cpp
D:\OP-20-21\OP_20_21\lab2\lab2.cpp(18,10): warning C4477: "scanf_s": в строке форматирования "%s" требуется аргумент типа "unsigned int", но вариативный аргумент "2" имеет тип "int *"
D:\OP-20-21\OP_20_21\lab2\lab2.cpp(18,10): message : этот аргумент используется в качестве размера буфера
D:\OP-20-21\OP_20_21\lab2\lab2.cpp(18,10): warning C4477: "scanf_s": в строке форматирования "%d" требуется аргумент типа "int *", но вариативный аргумент "3" имеет тип "double *"
D:\OP-20-21\OP_20_21\lab2\lab2.cpp(18,10): warning C4477: "scanf_s": в строке форматирования "%lf" требуется аргумент типа "double *", но вариативный аргумент "4" имеет тип "unsigned long *"
D:\OP-20-21\OP_20_21\lab2\lab2.cpp(18,10): warning C4473: "scanf_s": передано недостаточно аргументов для строки формата
D:\OP-20-21\OP_20_21\lab2\lab2.cpp(18,10): message : заполнители и их параметры ожидают переменное число аргументов в количестве 5, но было предоставлено 4
D:\OP-20-21\OP_20_21\lab2\lab2.cpp(18,10): message : отсутствующий вариативный аргумент "5" требуется для строки форматирования "%lu"
D:\OP-20-21\OP_20_21\lab2\lab2.cpp(21,10): warning C4477: "scanf_s": в строке форматирования "%s" требуется аргумент типа "unsigned int", но вариативный аргумент "2" имеет тип "double *"
D:\OP-20-21\OP_20_21\lab2\lab2.cpp(21,10): message : этот аргумент используется в качестве размера буфера
D:\OP-20-21\OP_20_21\lab2\lab2.cpp(21,10): warning C4477: "scanf_s": в строке форматирования "%f" требуется аргумент типа "float *", но вариативный аргумент "3" имеет тип "double *"
D:\OP-20-21\OP_20_21\lab2\lab2.cpp(21,10): message : рекомендуется использовать "%lf" в строке форматирования
D:\OP-20-21\OP_20_21\lab2\lab2.cpp(21,10): warning C4477: "scanf_s": в строке форматирования "%lf" требуется аргумент типа "double *", но вариативный аргумент "4" имеет тип "unsigned long *"
D:\OP-20-21\OP_20_21\lab2\lab2.cpp(21,10): warning C4473: "scanf_s": передано недостаточно аргументов для строки формата
D:\OP-20-21\OP_20_21\lab2\lab2.cpp(21,10): message : заполнители и их параметры ожидают переменное число аргументов в количестве 5, но было предоставлено 4
D:\OP-20-21\OP_20_21\lab2\lab2.cpp(21,10): message : отсутствующий вариативный аргумент "5" требуется для строки форматирования "%lu"
D:\OP-20-21\OP_20_21\lab2\lab2.cpp(24,10): warning C4477: "scanf_s": в строке форматирования "%s" требуется аргумент типа "unsigned int", но вариативный аргумент "2" имеет тип "double *"
D:\OP-20-21\OP_20_21\lab2\lab2.cpp(24,10): message : этот аргумент используется в качестве размера буфера
D:\OP-20-21\OP_20_21\lab2\lab2.cpp(24,10): warning C4477: "scanf_s": в строке форматирования "%f" требуется аргумент типа "float *", но вариативный аргумент "3" имеет тип "double *"
D:\OP-20-21\OP_20_21\lab2\lab2.cpp(24,10): message : рекомендуется использовать "%lf" в строке форматирования
D:\OP-20-21\OP_20_21\lab2\lab2.cpp(24,10): warning C4477: "scanf_s": в строке форматирования "%lf" требуется аргумент типа "double *", но вариативный аргумент "4" имеет тип "unsigned long *"
D:\OP-20-21\OP_20_21\lab2\lab2.cpp(24,10): warning C4473: "scanf_s": передано недостаточно аргументов для строки формата
D:\OP-20-21\OP_20_21\lab2\lab2.cpp(24,10): message : заполнители и их параметры ожидают переменное число аргументов в количестве 5, но было предоставлено 4
D:\OP-20-21\OP_20_21\lab2\lab2.cpp(24,10): message : отсутствующий вариативный аргумент "5" требуется для строки форматирования "%lu"
D:\OP-20-21\OP_20_21\lab2\lab2.cpp(34,9): warning C4477: "printf": в строке форматирования "%d" требуется аргумент типа "int", но вариативный аргумент "2" имеет тип "double"
D:\OP-20-21\OP_20_21\lab2\lab2.cpp(36,9): warning C4477: "printf": в строке форматирования "%d" требуется аргумент типа "int", но вариативный аргумент "2" имеет тип "double"
  lab2.vcxproj -> D:\OP-20-21\OP_20_21\lab2\x64\Debug\lab2.exe
